<?xml version="1.0" encoding="UTF-8"?>
<!-- Generated by org.testng.reporters.JUnitReportReporter -->
<testsuite hostname="DESKTOP-MMTD561" failures="0" tests="4" name="com.testNGScript.InvocationCountTNG" time="32.561" errors="0" timestamp="2025-07-24T02:35:56 IST" skipped="0">
  <testcase classname="com.testNGScript.InvocationCountTNG" name="instagram" time="6.818"/>
  <testcase classname="com.testNGScript.InvocationCountTNG" name="instagram" time="7.796"/>
  <testcase classname="com.testNGScript.InvocationCountTNG" name="instagram" time="7.536"/>
  <testcase classname="com.testNGScript.InvocationCountTNG" name="instagram" time="10.411"/>
</testsuite> <!-- com.testNGScript.InvocationCountTNG -->
