<?xml version="1.0" encoding="UTF-8"?>
<!-- Generated by org.testng.reporters.JUnitReportReporter -->
<testsuite hostname="DESKTOP-MMTD561" failures="0" tests="9" name="com.testNGScript.GroupingTNG" time="0.035" errors="0" timestamp="2025-07-23T18:55:07 IST" skipped="0">
  <testcase classname="com.testNGScript.GroupingTNG" name="Carrom" time="0.018"/>
  <testcase classname="com.testNGScript.GroupingTNG" name="Long" time="0.002"/>
  <testcase classname="com.testNGScript.GroupingTNG" name="TableTennis" time="0.004"/>
  <testcase classname="com.testNGScript.GroupingTNG" name="Golf" time="0.002"/>
  <testcase classname="com.testNGScript.GroupingTNG" name="Chess" time="0.002"/>
  <testcase classname="com.testNGScript.GroupingTNG" name="Cricket" time="0.002"/>
  <testcase classname="com.testNGScript.GroupingTNG" name="Sprint" time="0.002"/>
  <testcase classname="com.testNGScript.GroupingTNG" name="Relay" time="0.001"/>
  <testcase classname="com.testNGScript.GroupingTNG" name="Football" time="0.002"/>
</testsuite> <!-- com.testNGScript.GroupingTNG -->
