<?xml version="1.0" encoding="UTF-8"?>
<!-- Generated by org.testng.reporters.JUnitReportReporter -->
<testsuite hostname="DESKTOP-MMTD561" failures="0" tests="3" name="com.testNGScript.SimpleAnnotations" time="0.018" errors="0" timestamp="2025-07-23T16:12:39 IST" skipped="0">
  <testcase classname="com.testNGScript.SimpleAnnotations" name="mensproduct" time="0.004"/>
  <testcase classname="com.testNGScript.SimpleAnnotations" name="womensproduct" time="0.007"/>
  <testcase classname="com.testNGScript.SimpleAnnotations" name="kidsproduct" time="0.007"/>
</testsuite> <!-- com.testNGScript.SimpleAnnotations -->
