<?xml version="1.0" encoding="UTF-8"?>
<!-- Generated by org.testng.reporters.JUnitReportReporter -->
<testsuite hostname="DESKTOP-MMTD561" failures="0" tests="1" name="com.testNGScript.AssertionTNG" time="7.905" errors="0" timestamp="2025-07-25T18:46:27 IST" skipped="0">
  <testcase classname="com.testNGScript.AssertionTNG" name="chromebrowser" time="7.905"/>
</testsuite> <!-- com.testNGScript.AssertionTNG -->
