<?xml version="1.0" encoding="UTF-8"?>
<!-- Generated by org.testng.reporters.JUnitReportReporter -->
<testsuite hostname="DESKTOP-MMTD561" failures="0" tests="1" name="com.naukriRunner.TestRunner" time="1.651" errors="0" timestamp="2025-07-27T22:00:05 IST" skipped="0">
  <testcase classname="com.naukriRunner.TestRunner" name="LoginPage" time="1.651"/>
</testsuite> <!-- com.naukriRunner.TestRunner -->
