<?xml version="1.0" encoding="UTF-8"?>
<!-- Generated by org.testng.reporters.JUnitReportReporter -->
<testsuite hostname="DESKTOP-MMTD561" failures="0" tests="4" name="com.testNGScript.PriorityTNG" time="12.867" errors="0" timestamp="2025-07-23T17:49:36 IST" skipped="0">
  <testcase classname="com.testNGScript.PriorityTNG" name="chromebrowser" time="2.426"/>
  <testcase classname="com.testNGScript.PriorityTNG" name="Urllaunch" time="3.562"/>
  <testcase classname="com.testNGScript.PriorityTNG" name="Login" time="2.778"/>
  <testcase classname="com.testNGScript.PriorityTNG" name="Quit" time="4.101"/>
</testsuite> <!-- com.testNGScript.PriorityTNG -->
