<?xml version="1.0" encoding="UTF-8"?>
<!-- Generated by org.testng.reporters.JUnitReportReporter -->
<testsuite hostname="DESKTOP-MMTD561" failures="0" tests="5" name="com.testNGScript.DependencyNG" time="0.036" errors="0" timestamp="2025-07-23T18:38:04 IST" skipped="0">
  <testcase classname="com.testNGScript.DependencyNG" name="Study" time="0.030"/>
  <testcase classname="com.testNGScript.DependencyNG" name="Love" time="0.001"/>
  <testcase classname="com.testNGScript.DependencyNG" name="Job" time="0.002"/>
  <testcase classname="com.testNGScript.DependencyNG" name="Money" time="0.002"/>
  <testcase classname="com.testNGScript.DependencyNG" name="Life" time="0.001"/>
</testsuite> <!-- com.testNGScript.DependencyNG -->
