<?xml version="1.0" encoding="UTF-8"?>
<!-- Generated by org.testng.reporters.JUnitReportReporter -->
<testsuite hostname="DESKTOP-MMTD561" failures="0" tests="3" name="com.testNGScript.IgnoreCase" time="62.419" errors="0" timestamp="2025-07-23T16:12:39 IST" skipped="1">
  <testcase classname="com.testNGScript.IgnoreCase" name="fireFoxBrowser" time="51.311"/>
  <testcase classname="com.testNGScript.IgnoreCase" name="edgeBrowser" time="11.108"/>
  <testcase classname="com.testNGScript.IgnoreCase" name="chromebrowser">
    <skipped/>
  </testcase> <!-- chromebrowser -->
</testsuite> <!-- com.testNGScript.IgnoreCase -->
